12:48:12.147 [main] INFO  testCases.TC002_LoginTest - *** Login Test Started
12:55:54.975 [main] DEBUG org.testng.TestNG - suiteXmlPath: "C:\Selenium\OpenCart\Master.xml"
12:55:55.329 [main] INFO  org.testng.internal.Utils - [TestNG] Running:
  C:\Selenium\OpenCart\Master.xml

12:56:03.385 [main] INFO  testCases.TC002_LoginTest - *** Login Test Started
13:05:57.492 [main] DEBUG org.testng.TestNG - suiteXmlPath: "C:\Selenium\OpenCart\Grouping.xml"
13:05:57.801 [main] INFO  org.testng.internal.Utils - [TestNG] Running:
  C:\Selenium\OpenCart\Grouping.xml

13:06:09.449 [main] INFO  testCases.TC002_LoginTest - *** Login Test Started
13:07:18.267 [main] DEBUG org.testng.TestNG - suiteXmlPath: "C:\Selenium\OpenCart\Grouping.xml"
13:07:18.507 [main] INFO  org.testng.internal.Utils - [TestNG] Running:
  C:\Selenium\OpenCart\Grouping.xml

13:07:32.778 [main] INFO  testCases.TC002_LoginTest - *** Login Test Started
13:11:45.918 [main] DEBUG org.testng.TestNG - suiteXmlPath: "C:\Selenium\OpenCart\Grouping.xml"
13:11:46.212 [main] INFO  org.testng.internal.Utils - [TestNG] Running:
  C:\Selenium\OpenCart\Grouping.xml

13:13:33.862 [main] DEBUG org.testng.TestNG - suiteXmlPath: "C:\Selenium\OpenCart\Grouping.xml"
13:13:34.134 [main] INFO  org.testng.internal.Utils - [TestNG] Running:
  C:\Selenium\OpenCart\Grouping.xml

13:14:05.495 [main] DEBUG org.testng.TestNG - suiteXmlPath: "C:\Selenium\OpenCart\Grouping.xml"
13:14:05.745 [main] INFO  org.testng.internal.Utils - [TestNG] Running:
  C:\Selenium\OpenCart\Grouping.xml

13:14:12.704 [main] INFO  testCases.TC001_AccountRegistrationTest - *** Starting TC001_AccountRegistrationTest ***
13:14:12.835 [main] INFO  testCases.TC001_AccountRegistrationTest - Clicken on myAccount Link...
13:14:13.788 [main] INFO  testCases.TC001_AccountRegistrationTest - Clicked on Register Link
13:14:13.795 [main] INFO  testCases.TC001_AccountRegistrationTest - Providing Customer Details....
13:14:14.847 [main] INFO  testCases.TC001_AccountRegistrationTest - Validating expected message...
13:32:24.302 [main] DEBUG org.testng.TestNG - suiteXmlPath: "C:\Selenium\OpenCart\Grouping.xml"
18:36:58.799 [main] DEBUG org.testng.TestNG - suiteXmlPath: "C:\Selenium\OpenCart\Master.xml"
18:42:26.269 [main] DEBUG org.testng.TestNG - suiteXmlPath: "C:\Selenium\OpenCart\Master.xml"
18:42:26.574 [main] INFO  org.testng.internal.Utils - [TestNG] Running:
  C:\Selenium\OpenCart\Master.xml

18:46:33.392 [main] DEBUG org.testng.TestNG - suiteXmlPath: "C:\Selenium\OpenCart\Master.xml"
18:46:33.645 [main] INFO  org.testng.internal.Utils - [TestNG] Running:
  C:\Selenium\OpenCart\Master.xml

18:49:13.443 [main] DEBUG org.testng.TestNG - suiteXmlPath: "C:\Selenium\OpenCart\Master.xml"
18:49:13.697 [main] INFO  org.testng.internal.Utils - [TestNG] Running:
  C:\Selenium\OpenCart\Master.xml

18:49:19.470 [main] INFO  testCases.TC001_AccountRegistrationTest - *** Starting TC001_AccountRegistrationTest ***
18:49:19.713 [main] INFO  testCases.TC001_AccountRegistrationTest - Clicken on myAccount Link...
18:49:20.236 [main] INFO  testCases.TC001_AccountRegistrationTest - Clicked on Register Link
18:49:20.239 [main] INFO  testCases.TC001_AccountRegistrationTest - Providing Customer Details....
18:49:21.484 [main] INFO  testCases.TC001_AccountRegistrationTest - Validating expected message...
18:49:26.792 [main] INFO  testCases.TC002_LoginTest - *** Login Test Started
18:54:10.360 [main] DEBUG org.testng.TestNG - suiteXmlPath: "C:\Selenium\OpenCart\Master.xml"
18:54:10.680 [main] INFO  org.testng.internal.Utils - [TestNG] Running:
  C:\Selenium\OpenCart\Master.xml

18:54:16.607 [main] INFO  testCases.TC001_AccountRegistrationTest - *** Starting TC001_AccountRegistrationTest ***
18:54:16.830 [main] INFO  testCases.TC001_AccountRegistrationTest - Clicken on myAccount Link...
18:54:17.332 [main] INFO  testCases.TC001_AccountRegistrationTest - Clicked on Register Link
18:54:17.342 [main] INFO  testCases.TC001_AccountRegistrationTest - Providing Customer Details....
18:54:18.509 [main] INFO  testCases.TC001_AccountRegistrationTest - Validating expected message...
18:54:23.577 [main] INFO  testCases.TC002_LoginTest - *** Login Test Started
19:02:14.237 [main] DEBUG org.testng.TestNG - suiteXmlPath: "C:\Selenium\OpenCart\Master.xml"
19:02:14.495 [main] INFO  org.testng.internal.Utils - [TestNG] Running:
  C:\Selenium\OpenCart\Master.xml

19:02:21.006 [main] INFO  testCases.TC001_AccountRegistrationTest - *** Starting TC001_AccountRegistrationTest ***
19:02:21.152 [main] INFO  testCases.TC001_AccountRegistrationTest - Clicken on myAccount Link...
19:02:21.669 [main] INFO  testCases.TC001_AccountRegistrationTest - Clicked on Register Link
19:02:21.671 [main] INFO  testCases.TC001_AccountRegistrationTest - Providing Customer Details....
19:02:22.769 [main] INFO  testCases.TC001_AccountRegistrationTest - Validating expected message...
19:02:30.420 [main] INFO  testCases.TC002_LoginTest - *** Login Test Started
